Determining if the pthread_create exist failed with the following output:
Change Dir: /home/zhao/Data/AutoD/temp/src/TL740D/cmake-build-debug/CMakeFiles/CMakeTmp

Run Build Command:"/usr/bin/make" "cmTC_7f9ad/fast"
/usr/bin/make -f CMakeFiles/cmTC_7f9ad.dir/build.make CMakeFiles/cmTC_7f9ad.dir/build
make[1]: Entering directory '/home/zhao/Data/AutoD/temp/src/TL740D/cmake-build-debug/CMakeFiles/CMakeTmp'
Building C object CMakeFiles/cmTC_7f9ad.dir/CheckSymbolExists.c.o
/usr/bin/cc    -o CMakeFiles/cmTC_7f9ad.dir/CheckSymbolExists.c.o   -c /home/zhao/Data/AutoD/temp/src/TL740D/cmake-build-debug/CMakeFiles/CMakeTmp/CheckSymbolExists.c
Linking C executable cmTC_7f9ad
/home/zhao/Bin/clion-2018.3.1/bin/cmake/linux/bin/cmake -E cmake_link_script CMakeFiles/cmTC_7f9ad.dir/link.txt --verbose=1
/usr/bin/cc      -rdynamic CMakeFiles/cmTC_7f9ad.dir/CheckSymbolExists.c.o  -o cmTC_7f9ad 
CMakeFiles/cmTC_7f9ad.dir/CheckSymbolExists.c.o: In function `main':
CheckSymbolExists.c:(.text+0x16): undefined reference to `pthread_create'
collect2: error: ld returned 1 exit status
CMakeFiles/cmTC_7f9ad.dir/build.make:86: recipe for target 'cmTC_7f9ad' failed
make[1]: *** [cmTC_7f9ad] Error 1
make[1]: Leaving directory '/home/zhao/Data/AutoD/temp/src/TL740D/cmake-build-debug/CMakeFiles/CMakeTmp'
Makefile:121: recipe for target 'cmTC_7f9ad/fast' failed
make: *** [cmTC_7f9ad/fast] Error 2

File /home/zhao/Data/AutoD/temp/src/TL740D/cmake-build-debug/CMakeFiles/CMakeTmp/CheckSymbolExists.c:
/* */
#include <pthread.h>

int main(int argc, char** argv)
{
  (void)argv;
#ifndef pthread_create
  return ((int*)(&pthread_create))[argc];
#else
  (void)argc;
  return 0;
#endif
}

Determining if the function pthread_create exists in the pthreads failed with the following output:
Change Dir: /home/zhao/Data/AutoD/temp/src/TL740D/cmake-build-debug/CMakeFiles/CMakeTmp

Run Build Command:"/usr/bin/make" "cmTC_d4c11/fast"
/usr/bin/make -f CMakeFiles/cmTC_d4c11.dir/build.make CMakeFiles/cmTC_d4c11.dir/build
make[1]: Entering directory '/home/zhao/Data/AutoD/temp/src/TL740D/cmake-build-debug/CMakeFiles/CMakeTmp'
Building C object CMakeFiles/cmTC_d4c11.dir/CheckFunctionExists.c.o
/usr/bin/cc   -DCHECK_FUNCTION_EXISTS=pthread_create   -o CMakeFiles/cmTC_d4c11.dir/CheckFunctionExists.c.o   -c /home/zhao/Bin/clion-2018.3.1/bin/cmake/linux/share/cmake-3.13/Modules/CheckFunctionExists.c
Linking C executable cmTC_d4c11
/home/zhao/Bin/clion-2018.3.1/bin/cmake/linux/bin/cmake -E cmake_link_script CMakeFiles/cmTC_d4c11.dir/link.txt --verbose=1
/usr/bin/cc  -DCHECK_FUNCTION_EXISTS=pthread_create    -rdynamic CMakeFiles/cmTC_d4c11.dir/CheckFunctionExists.c.o  -o cmTC_d4c11 -lpthreads 
/usr/bin/ld: cannot find -lpthreads
collect2: error: ld returned 1 exit status
CMakeFiles/cmTC_d4c11.dir/build.make:86: recipe for target 'cmTC_d4c11' failed
make[1]: *** [cmTC_d4c11] Error 1
make[1]: Leaving directory '/home/zhao/Data/AutoD/temp/src/TL740D/cmake-build-debug/CMakeFiles/CMakeTmp'
Makefile:121: recipe for target 'cmTC_d4c11/fast' failed
make: *** [cmTC_d4c11/fast] Error 2


